<?xml version="1.0" encoding="UTF-8"?>
<!-- Generated by org.testng.reporters.JUnitXMLReporter -->
<testsuite hostname="SP-JCawaling-MacBookPro.local" ignored="0" name="SampleTest" tests="1" failures="0" timestamp="07 Jun 2017 03:13:52 GMT" time="0.037" errors="0">
  <testcase name="@BeforeSuite initializeExcelData" time="0.019" classname="com.test.Sample.ThisIsATest">
    <failure type="java.lang.NoClassDefFoundError" message="org/apache/poi/ss/usermodel/Workbook">
      <![CDATA[java.lang.NoClassDefFoundError: org/apache/poi/ss/usermodel/Workbook
	at java.lang.ClassLoader.defineClass1(Native Method)
	at java.lang.ClassLoader.defineClass(ClassLoader.java:763)
	at java.security.SecureClassLoader.defineClass(SecureClassLoader.java:142)
	at java.net.URLClassLoader.defineClass(URLClassLoader.java:467)
	at java.net.URLClassLoader.access$100(URLClassLoader.java:73)
	at java.net.URLClassLoader$1.run(URLClassLoader.java:368)
	at java.net.URLClassLoader$1.run(URLClassLoader.java:362)
	at java.security.AccessController.doPrivileged(Native Method)
	at java.net.URLClassLoader.findClass(URLClassLoader.java:361)
	at java.lang.ClassLoader.loadClass(ClassLoader.java:424)
	at sun.misc.Launcher$AppClassLoader.loadClass(Launcher.java:331)
	at java.lang.ClassLoader.loadClass(ClassLoader.java:357)
	at com.test.Sample.ThisIsATest.initializeExcelData(ThisIsATest.java:45)
Caused by: java.lang.ClassNotFoundException: org.apache.poi.ss.usermodel.Workbook
	at java.net.URLClassLoader.findClass(URLClassLoader.java:381)
	at java.lang.ClassLoader.loadClass(ClassLoader.java:424)
	at sun.misc.Launcher$AppClassLoader.loadClass(Launcher.java:331)
	at java.lang.ClassLoader.loadClass(ClassLoader.java:357)
	... 32 more
... Removed 19 stack frames]]>
    </failure>
  </testcase> <!-- @BeforeSuite initializeExcelData -->
  <testcase name="@BeforeClass setUp" time="0.0" classname="com.test.Sample.ThisIsATest">
    <skipped/>
  </testcase> <!-- @BeforeClass setUp -->
  <testcase name="@AfterClass cleanUp" time="0.0" classname="com.test.Sample.ThisIsATest">
    <skipped/>
  </testcase> <!-- @AfterClass cleanUp -->
  <testcase name="runTest" time="0.001" classname="com.test.Sample.ThisIsATest">
    <skipped/>
  </testcase> <!-- runTest -->
</testsuite> <!-- SampleTest -->
